2026-04-08 16:22:01,639 - INFO - Application started.
2026-04-08 16:22:01,657 - INFO - Starting the experiment...
2026-04-08 16:22:01,669 - INFO - Starting replication 1/10
2026-04-08 16:22:08,976 - INFO - Starting replication 2/10
2026-04-08 16:22:09,028 - INFO - Starting replication 3/10
2026-04-08 16:22:09,080 - INFO - Starting replication 4/10
2026-04-08 16:22:09,133 - INFO - Starting replication 5/10
2026-04-08 16:22:09,187 - INFO - Starting replication 6/10
2026-04-08 16:22:09,238 - INFO - Starting replication 7/10
2026-04-08 16:22:09,317 - INFO - Starting replication 8/10
2026-04-08 16:22:09,377 - INFO - Starting replication 9/10
2026-04-08 16:22:09,438 - INFO - Starting replication 10/10
2026-04-08 16:22:09,512 - INFO - Experiment completed successfully.
2026-04-08 16:22:09,513 - INFO - Generating plots for the experiment results...
2026-04-08 16:27:06,581 - INFO - Plots generated successfully.
2026-04-08 16:27:06,581 - INFO - Application finished successfully.
2026-04-08 16:53:40,159 - INFO - Application started.
2026-04-08 16:53:40,174 - INFO - Starting the experiment...
2026-04-08 16:53:40,185 - INFO - Starting replication 1/10
2026-04-08 17:13:30,005 - INFO - Application started.
2026-04-08 17:13:30,027 - INFO - Starting the experiment...
2026-04-08 17:13:30,042 - INFO - Starting replication 1/30
2026-04-08 17:13:37,823 - INFO - Starting replication 2/30
2026-04-08 17:13:40,322 - INFO - Starting replication 3/30
2026-04-08 17:13:43,476 - INFO - Starting replication 4/30
2026-04-08 17:13:46,188 - INFO - Starting replication 5/30
2026-04-08 17:13:49,256 - INFO - Starting replication 6/30
2026-04-08 17:13:52,075 - INFO - Starting replication 7/30
2026-04-08 17:13:54,853 - INFO - Starting replication 8/30
2026-04-08 17:13:57,576 - INFO - Starting replication 9/30
2026-04-08 17:14:00,781 - INFO - Starting replication 10/30
2026-04-08 17:14:04,018 - INFO - Starting replication 11/30
2026-04-08 17:14:06,534 - INFO - Starting replication 12/30
2026-04-08 17:14:09,101 - INFO - Starting replication 13/30
2026-04-08 17:14:11,916 - INFO - Starting replication 14/30
2026-04-08 17:14:15,189 - INFO - Starting replication 15/30
2026-04-08 17:14:17,825 - INFO - Starting replication 16/30
2026-04-08 17:14:20,360 - INFO - Starting replication 17/30
2026-04-08 17:14:23,540 - INFO - Starting replication 18/30
2026-04-08 17:14:26,103 - INFO - Starting replication 19/30
2026-04-08 17:14:28,670 - INFO - Starting replication 20/30
2026-04-08 17:14:31,376 - INFO - Starting replication 21/30
2026-04-08 17:14:34,102 - INFO - Starting replication 22/30
2026-04-08 17:14:36,627 - INFO - Starting replication 23/30
2026-04-08 17:14:39,739 - INFO - Starting replication 24/30
2026-04-08 17:14:42,269 - INFO - Starting replication 25/30
2026-04-08 17:14:46,069 - INFO - Starting replication 26/30
2026-04-08 17:14:49,146 - INFO - Starting replication 27/30
2026-04-08 17:14:51,911 - INFO - Starting replication 28/30
2026-04-08 17:14:55,124 - INFO - Starting replication 29/30
2026-04-08 17:14:57,868 - INFO - Starting replication 30/30
2026-04-08 17:15:00,638 - INFO - Experiment completed successfully.
2026-04-08 17:15:00,638 - INFO - Generating plots for the experiment results...
2026-04-08 17:16:12,730 - INFO - Plots generated successfully.
2026-04-08 17:16:12,730 - INFO - Application finished successfully.
2026-04-08 17:17:09,385 - INFO - Application started.
2026-04-08 17:17:09,401 - INFO - Starting the experiment...
2026-04-08 17:17:09,413 - INFO - Starting replication 1/30
2026-04-08 17:17:17,471 - INFO - Starting replication 2/30
2026-04-08 17:17:20,692 - INFO - Starting replication 3/30
2026-04-08 17:17:23,426 - INFO - Starting replication 4/30
2026-04-08 17:17:25,955 - INFO - Starting replication 5/30
2026-04-08 17:17:28,508 - INFO - Starting replication 6/30
2026-04-08 17:17:31,227 - INFO - Starting replication 7/30
2026-04-08 17:17:33,736 - INFO - Starting replication 8/30
2026-04-08 17:17:36,413 - INFO - Starting replication 9/30
2026-04-08 17:17:39,174 - INFO - Starting replication 10/30
2026-04-08 17:17:42,259 - INFO - Starting replication 11/30
2026-04-08 17:17:45,376 - INFO - Starting replication 12/30
2026-04-08 17:17:48,176 - INFO - Starting replication 13/30
2026-04-08 17:17:51,246 - INFO - Starting replication 14/30
2026-04-08 17:17:54,409 - INFO - Starting replication 15/30
2026-04-08 17:17:56,902 - INFO - Starting replication 16/30
2026-04-08 17:17:59,962 - INFO - Starting replication 17/30
2026-04-08 17:18:02,649 - INFO - Starting replication 18/30
2026-04-08 17:18:05,798 - INFO - Starting replication 19/30
2026-04-08 17:18:08,565 - INFO - Starting replication 20/30
2026-04-08 17:18:11,357 - INFO - Starting replication 21/30
2026-04-08 17:18:13,906 - INFO - Starting replication 22/30
2026-04-08 17:18:17,000 - INFO - Starting replication 23/30
2026-04-08 17:18:20,116 - INFO - Starting replication 24/30
2026-04-08 17:18:22,617 - INFO - Starting replication 25/30
2026-04-08 17:18:25,169 - INFO - Starting replication 26/30
2026-04-08 17:18:27,856 - INFO - Starting replication 27/30
2026-04-08 17:18:30,565 - INFO - Starting replication 28/30
2026-04-08 17:18:33,123 - INFO - Starting replication 29/30
2026-04-08 17:18:35,909 - INFO - Starting replication 30/30
2026-04-08 17:18:38,981 - INFO - Experiment completed successfully.
2026-04-08 17:18:38,981 - INFO - Generating plots for the experiment results...
2026-04-08 17:20:42,726 - INFO - Plots generated successfully.
2026-04-08 17:20:42,726 - INFO - Application finished successfully.
